*** Using Compiler 'V6.7', folder: 'D:\Keil5\ARM\ARMCLANG\Bin'
Build target 'Target 1'
assembling startup_stm32h743xx.s...
startup_stm32h743xx.s: error: A1023E: File "Startup\startup_stm32h743xx.s" could not be opened: No such file or directory
ArmClang.exe: error: no such file or directory: 'Lib/Src/stm32h7xx_hal_comp.c'
ArmClang.exe: error: no input files
compiling stm32h7xx_hal_comp.c...
ArmClang.exe: error: no such file or directory: 'Lib/Src/stm32h7xx_hal_cec.c'
ArmClang.exe: error: no input files
compiling stm32h7xx_hal_cec.c...
ArmClang.exe: error: no such file or directory: 'Lib/Src/stm32h7xx_hal_cordic.c'
ArmClang.exe: error: no input files
compiling stm32h7xx_hal_cordic.c...
Drivers/Src/II2.c(5): error: 'main.h' file not found
#include "main.h"
         ^~~~~~~~
1 error generated.
compiling II2.c...
Drivers/Src/OLED.c(1): error: 'main.h' file not found
#include "main.h"
         ^~~~~~~~
1 error generated.
compiling OLED.c...
ArmClang.exe: error: no such file or directory: 'Src/App/main.c'
ArmClang.exe: error: no input files
compiling main.c...
ArmClang.exe: error: no such file or directory: 'Lib/Src/stm32h7xx_hal_adc_ex.c'
ArmClang.exe: error: no input files
compiling stm32h7xx_hal_adc_ex.c...
ArmClang.exe: error: no such file or directory: 'Lib/Src/stm32h7xx_hal_cortex.c'
ArmClang.exe: error: no input files
compiling stm32h7xx_hal_cortex.c...
ArmClang.exe: error: no such file or directory: 'Lib/Src/stm32h7xx_hal.c'
ArmClang.exe: error: no input files
compiling stm32h7xx_hal.c...
ArmClang.exe: error: no such file or directory: 'Lib/Src/stm32h7xx_hal_adc.c'
error: no input files
compiling stm32h7xx_hal_adc.c...
ArmClang.exe: error: no such file or directory: 'Lib/Src/stm32h7xx_hal_crc_ex.c'
ArmClang.exe: error: no input files
compiling stm32h7xx_hal_crc_ex.c...
ArmClang.exe: error: no such file or directory: 'Lib/Src/stm32h7xx_hal_crc.c'
ArmClang.exe: error: no input files
compiling stm32h7xx_hal_crc.c...
Drivers/Src/PWM.c(1): error: 'main.h' file not found
#include "main.h"
         ^~~~~~~~
1 error generated.
compiling PWM.c...
ArmClang.exe: error: no such file or directory: 'Lib/Src/stm32h7xx_hal_cryp.c'
ArmClang.exe: error: no input files
compiling stm32h7xx_hal_cryp.c...
Drivers/Src/SDCard.c(1): error: 'main.h' file not found
#include "main.h"
         ^~~~~~~~
1 error generated.
compiling SDCard.c...
ArmClang.exe: error: no such file or directory: 'Lib/Src/stm32h7xx_hal_cryp_ex.c'
ArmClang.exe: error: no input files
compiling stm32h7xx_hal_cryp_ex.c...
Drivers/Src/CAN.c(6): error: 'main.h' file not found
#include "main.h"
         ^~~~~~~~
1 error generated.
compiling CAN.c...
ArmClang.exe: error: no such file or directory: 'Lib/Src/stm32h7xx_hal_dac_ex.c'
ArmClang.exe: error: no input files
compiling stm32h7xx_hal_dac_ex.c...
Drivers/Src/GPIO_AF.c(5): error: 'main.h' file not found
#include "main.h"
         ^~~~~~~~
1 error generated.
compiling GPIO_AF.c...
Drivers/Src/SPI.c(1): error: 'main.h' file not found
#include "main.h"
         ^~~~~~~~
1 error generated.
compiling SPI.c...
Drivers/Src/USART.c(11): error: 'main.h' file not found
#include "main.h"
         ^~~~~~~~
1 error generated.
compiling USART.c...
ArmClang.exe: error: no such file or directory: 'Lib/Src/stm32h7xx_hal_dac.c'
ArmClang.exe: error: no input files
compiling stm32h7xx_hal_dac.c...
ArmClang.exe: error: no such file or directory: 'Lib/Src/stm32h7xx_hal_dcmi.c'
ArmClang.exe: error: no input files
compiling stm32h7xx_hal_dcmi.c...
ArmClang.exe: error: no such file or directory: 'Lib/Src/stm32h7xx_hal_dfsdm.c'
ArmClang.exe: error: no input files
compiling stm32h7xx_hal_dfsdm.c...
ArmClang.exe: error: no such file or directory: 'Lib/Src/stm32h7xx_hal_dfsdm_ex.c'
ArmClang.exe: error: no input files
compiling stm32h7xx_hal_dfsdm_ex.c...
ArmClang.exe: error: no such file or directory: 'Lib/Src/stm32h7xx_hal_dma2d.c'
ArmClang.exe: error: no input files
compiling stm32h7xx_hal_dma2d.c...
ArmClang.exe: error: no such file or directory: 'Lib/Src/stm32h7xx_hal_dma_ex.c'
ArmClang.exe: error: no input files
compiling stm32h7xx_hal_dma_ex.c...
ArmClang.exe: error: no such file or directory: 'Lib/Src/stm32h7xx_hal_dma.c'
ArmClang.exe: error: no input files
compiling stm32h7xx_hal_dma.c...
ArmClang.exe: error: no such file or directory: 'Lib/Src/stm32h7xx_hal_dsi.c'
ArmClang.exe: error: no input files
compiling stm32h7xx_hal_dsi.c...
ArmClang.exe: error: no such file or directory: 'Lib/Src/stm32h7xx_hal_dts.c'
ArmClang.exe: error: no input files
compiling stm32h7xx_hal_dts.c...
ArmClang.exe: error: no such file or directory: 'Lib/Src/stm32h7xx_hal_eth.c'
ArmClang.exe: error: no input files
compiling stm32h7xx_hal_eth.c...
ArmClang.exe: error: no such file or directory: 'Lib/Src/stm32h7xx_hal_eth_ex.c'
ArmClang.exe: error: no input files
compiling stm32h7xx_hal_eth_ex.c...
ArmClang.exe: error: no such file or directory: 'Lib/Src/stm32h7xx_hal_fdcan.c'
ArmClang.exe: error: no input files
compiling stm32h7xx_hal_fdcan.c...
ArmClang.exe: error: no such file or directory: 'Lib/Src/stm32h7xx_hal_exti.c'
ArmClang.exe: error: no input files
compiling stm32h7xx_hal_exti.c...
ArmClang.exe: error: no such file or directory: 'Lib/Src/stm32h7xx_hal_flash.c'
ArmClang.exe: error: no input files
compiling stm32h7xx_hal_flash.c...
ArmClang.exe: error: no such file or directory: 'Lib/Src/stm32h7xx_hal_fmac.c'
ArmClang.exe: error: no input files
compiling stm32h7xx_hal_fmac.c...
ArmClang.exe: error: no such file or directory: 'Lib/Src/stm32h7xx_hal_flash_ex.c'
ArmClang.exe: error: no input files
compiling stm32h7xx_hal_flash_ex.c...
ArmClang.exe: error: no such file or directory: 'Lib/Src/stm32h7xx_hal_gfxmmu.c'
ArmClang.exe: error: no input files
compiling stm32h7xx_hal_gfxmmu.c...
ArmClang.exe: error: no such file or directory: 'Lib/Src/stm32h7xx_hal_gpio.c'
ArmClang.exe: error: no input files
compiling stm32h7xx_hal_gpio.c...
ArmClang.exe: error: no such file or directory: 'Lib/Src/stm32h7xx_hal_hash.c'
ArmClang.exe: error: no input files
compiling stm32h7xx_hal_hash.c...
ArmClang.exe: error: no such file or directory: 'Lib/Src/stm32h7xx_hal_hcd.c'
ArmClang.exe: error: no input files
compiling stm32h7xx_hal_hcd.c...
ArmClang.exe: error: no such file or directory: 'Lib/Src/stm32h7xx_hal_hash_ex.c'
ArmClang.exe: error: no input files
compiling stm32h7xx_hal_hash_ex.c...
ArmClang.exe: error: no such file or directory: 'Lib/Src/stm32h7xx_hal_hrtim.c'
ArmClang.exe: error: no input files
compiling stm32h7xx_hal_hrtim.c...
ArmClang.exe: error: no such file or directory: 'Lib/Src/stm32h7xx_hal_hsem.c'
ArmClang.exe: error: no input files
compiling stm32h7xx_hal_hsem.c...
ArmClang.exe: error: no such file or directory: 'Lib/Src/stm32h7xx_hal_i2c_ex.c'
ArmClang.exe: error: no input files
compiling stm32h7xx_hal_i2c_ex.c...
ArmClang.exe: error: no such file or directory: 'Lib/Src/stm32h7xx_hal_i2c.c'
ArmClang.exe: error: no input files
compiling stm32h7xx_hal_i2c.c...
ArmClang.exe: error: no such file or directory: 'Lib/Src/stm32h7xx_hal_i2s.c'
ArmClang.exe: error: no input files
compiling stm32h7xx_hal_i2s.c...
ArmClang.exe: error: no such file or directory: 'Lib/Src/stm32h7xx_hal_i2s_ex.c'
ArmClang.exe: error: no input files
compiling stm32h7xx_hal_i2s_ex.c...
ArmClang.exe: error: no such file or directory: 'Lib/Src/stm32h7xx_hal_irda.c'
ArmClang.exe: error: no input files
compiling stm32h7xx_hal_irda.c...
ArmClang.exe: error: no such file or directory: 'Lib/Src/stm32h7xx_hal_lptim.c'
ArmClang.exe: error: no input files
compiling stm32h7xx_hal_lptim.c...
ArmClang.exe: error: no such file or directory: 'Lib/Src/stm32h7xx_hal_jpeg.c'
ArmClang.exe: error: no input files
compiling stm32h7xx_hal_jpeg.c...
ArmClang.exe: error: no such file or directory: 'Lib/Src/stm32h7xx_hal_iwdg.c'
ArmClang.exe: error: no input files
compiling stm32h7xx_hal_iwdg.c...
ArmClang.exe: error: no such file or directory: 'Lib/Src/stm32h7xx_hal_ltdc.c'
ArmClang.exe: error: no input files
compiling stm32h7xx_hal_ltdc.c...
ArmClang.exe: error: no such file or directory: 'Lib/Src/stm32h7xx_hal_ltdc_ex.c'
ArmClang.exe: error: no input files
compiling stm32h7xx_hal_ltdc_ex.c...
ArmClang.exe: error: no such file or directory: 'Lib/Src/stm32h7xx_hal_mdios.c'
ArmClang.exe: error: no input files
compiling stm32h7xx_hal_mdios.c...
ArmClang.exe: error: no such file or directory: 'Lib/Src/stm32h7xx_hal_mdma.c'
ArmClang.exe: error: no input files
compiling stm32h7xx_hal_mdma.c...
ArmClang.exe: error: no such file or directory: 'Lib/Src/stm32h7xx_hal_mmc.c'
ArmClang.exe: error: no input files
compiling stm32h7xx_hal_mmc.c...
ArmClang.exe: error: no such file or directory: 'Lib/Src/stm32h7xx_hal_mmc_ex.c'
ArmClang.exe: error: no input files
compiling stm32h7xx_hal_mmc_ex.c...
ArmClang.exe: error: no such file or directory: 'Lib/Src/stm32h7xx_hal_msp_template.c'
ArmClang.exe: error: no input files
compiling stm32h7xx_hal_msp_template.c...
ArmClang.exe: error: no such file or directory: 'Lib/Src/stm32h7xx_hal_nand.c'
ArmClang.exe: error: no input files
compiling stm32h7xx_hal_nand.c...
ArmClang.exe: error: no such file or directory: 'Lib/Src/stm32h7xx_hal_nor.c'
ArmClang.exe: error: no input files
compiling stm32h7xx_hal_nor.c...
ArmClang.exe: error: no such file or directory: 'Lib/Src/stm32h7xx_hal_opamp.c'
ArmClang.exe: error: no input files
compiling stm32h7xx_hal_opamp.c...
ArmClang.exe: error: no such file or directory: 'Lib/Src/stm32h7xx_hal_opamp_ex.c'
ArmClang.exe: error: no input files
compiling stm32h7xx_hal_opamp_ex.c...
ArmClang.exe: error: no such file or directory: 'Lib/Src/stm32h7xx_hal_ospi.c'
ArmClang.exe: error: no input files
compiling stm32h7xx_hal_ospi.c...
ArmClang.exe: error: no such file or directory: 'Lib/Src/stm32h7xx_hal_otfdec.c'
ArmClang.exe: error: no input files
compiling stm32h7xx_hal_otfdec.c...
ArmClang.exe: error: no such file or directory: 'Lib/Src/stm32h7xx_hal_pcd.c'
ArmClang.exe: error: no input files
compiling stm32h7xx_hal_pcd.c...
ArmClang.exe: error: no such file or directory: 'Lib/Src/stm32h7xx_hal_pcd_ex.c'
ArmClang.exe: error: no input files
compiling stm32h7xx_hal_pcd_ex.c...
ArmClang.exe: error: no such file or directory: 'Lib/Src/stm32h7xx_hal_pwr.c'
ArmClang.exe: error: no input files
compiling stm32h7xx_hal_pwr.c...
ArmClang.exe: error: no such file or directory: 'Lib/Src/stm32h7xx_hal_pssi.c'
ArmClang.exe: error: no input files
compiling stm32h7xx_hal_pssi.c...
ArmClang.exe: error: no such file or directory: 'Lib/Src/stm32h7xx_hal_pwr_ex.c'
ArmClang.exe: error: no input files
compiling stm32h7xx_hal_pwr_ex.c...
ArmClang.exe: error: no such file or directory: 'Lib/Src/stm32h7xx_hal_ramecc.c'
ArmClang.exe: error: no input files
compiling stm32h7xx_hal_ramecc.c...
ArmClang.exe: error: no such file or directory: 'Lib/Src/stm32h7xx_hal_qspi.c'
ArmClang.exe: error: no input files
compiling stm32h7xx_hal_qspi.c...
ArmClang.exe: error: no such file or directory: 'Lib/Src/stm32h7xx_hal_rcc.c'
ArmClang.exe: error: no input files
compiling stm32h7xx_hal_rcc.c...
ArmClang.exe: error: no such file or directory: 'Lib/Src/stm32h7xx_hal_rng.c'
ArmClang.exe: error: no input files
compiling stm32h7xx_hal_rng.c...
ArmClang.exe: error: no such file or directory: 'Lib/Src/stm32h7xx_hal_rcc_ex.c'
ArmClang.exe: error: no input files
compiling stm32h7xx_hal_rcc_ex.c...
ArmClang.exe: error: no such file or directory: 'Lib/Src/stm32h7xx_hal_rng_ex.c'
ArmClang.exe: error: no input files
compiling stm32h7xx_hal_rng_ex.c...
ArmClang.exe: error: no such file or directory: 'Lib/Src/stm32h7xx_hal_rtc.c'
ArmClang.exe: error: no input files
compiling stm32h7xx_hal_rtc.c...
ArmClang.exe: error: no such file or directory: 'Lib/Src/stm32h7xx_hal_sai.c'
ArmClang.exe: error: no input files
compiling stm32h7xx_hal_sai.c...
ArmClang.exe: error: no such file or directory: 'Lib/Src/stm32h7xx_hal_sai_ex.c'
ArmClang.exe: error: no input files
compiling stm32h7xx_hal_sai_ex.c...
ArmClang.exe: error: no such file or directory: 'Lib/Src/stm32h7xx_hal_sd.c'
ArmClang.exe: error: no input files
compiling stm32h7xx_hal_sd.c...
ArmClang.exe: error: no such file or directory: 'Lib/Src/stm32h7xx_hal_rtc_ex.c'
ArmClang.exe: error: no input files
compiling stm32h7xx_hal_rtc_ex.c...
ArmClang.exe: error: no such file or directory: 'Lib/Src/stm32h7xx_hal_sd_ex.c'
ArmClang.exe: error: no input files
compiling stm32h7xx_hal_sd_ex.c...
ArmClang.exe: error: no such file or directory: 'Lib/Src/stm32h7xx_hal_sdio.c'
ArmClang.exe: error: no input files
compiling stm32h7xx_hal_sdio.c...
ArmClang.exe: error: no such file or directory: 'Lib/Src/stm32h7xx_hal_sdram.c'
ArmClang.exe: error: no input files
compiling stm32h7xx_hal_sdram.c...
ArmClang.exe: error: no such file or directory: 'Lib/Src/stm32h7xx_hal_smartcard_ex.c'
ArmClang.exe: error: no input files
compiling stm32h7xx_hal_smartcard_ex.c...
ArmClang.exe: error: no such file or directory: 'Lib/Src/stm32h7xx_hal_smartcard.c'
ArmClang.exe: error: no input files
compiling stm32h7xx_hal_smartcard.c...
ArmClang.exe: error: no such file or directory: 'Lib/Src/stm32h7xx_hal_smbus.c'
ArmClang.exe: error: no input files
compiling stm32h7xx_hal_smbus.c...
ArmClang.exe: error: no such file or directory: 'Lib/Src/stm32h7xx_hal_smbus_ex.c'
ArmClang.exe: error: no input files
compiling stm32h7xx_hal_smbus_ex.c...
ArmClang.exe: error: no such file or directory: 'Lib/Src/stm32h7xx_hal_spdifrx.c'
ArmClang.exe: error: no input files
compiling stm32h7xx_hal_spdifrx.c...
ArmClang.exe: error: no such file or directory: 'Lib/Src/stm32h7xx_hal_spi.c'
ArmClang.exe: error: no input files
compiling stm32h7xx_hal_spi.c...
ArmClang.exe: error: no such file or directory: 'Lib/Src/stm32h7xx_hal_sram.c'
ArmClang.exe: error: no input files
compiling stm32h7xx_hal_sram.c...
ArmClang.exe: error: no such file or directory: 'Lib/Src/stm32h7xx_hal_spi_ex.c'
ArmClang.exe: error: no input files
compiling stm32h7xx_hal_spi_ex.c...
ArmClang.exe: error: no such file or directory: 'Lib/Src/stm32h7xx_hal_swpmi.c'
ArmClang.exe: error: no input files
compiling stm32h7xx_hal_swpmi.c...
ArmClang.exe: error: no such file or directory: 'Lib/Src/stm32h7xx_hal_tim.c'
ArmClang.exe: error: no input files
compiling stm32h7xx_hal_tim.c...
ArmClang.exe: error: no such file or directory: 'Lib/Src/stm32h7xx_hal_tim_ex.c'
ArmClang.exe: error: no input files
compiling stm32h7xx_hal_tim_ex.c...
ArmClang.exe: error: no such file or directory: 'Lib/Src/stm32h7xx_hal_uart.c'
ArmClang.exe: error: no input files
compiling stm32h7xx_hal_uart.c...
ArmClang.exe: error: no such file or directory: 'Lib/Src/stm32h7xx_hal_uart_ex.c'
ArmClang.exe: error: no input files
compiling stm32h7xx_hal_uart_ex.c...
ArmClang.exe: error: no such file or directory: 'Lib/Src/stm32h7xx_hal_usart.c'
ArmClang.exe: error: no input files
compiling stm32h7xx_hal_usart.c...
ArmClang.exe: error: no such file or directory: 'Lib/Src/stm32h7xx_hal_usart_ex.c'
ArmClang.exe: error: no input files
compiling stm32h7xx_hal_usart_ex.c...
ArmClang.exe: error: no such file or directory: 'Lib/Src/stm32h7xx_hal_wwdg.c'
ArmClang.exe: error: no input files
compiling stm32h7xx_hal_wwdg.c...
ArmClang.exe: error: no such file or directory: 'Lib/Src/stm32h7xx_ll_bdma.c'
ArmClang.exe: error: no input files
compiling stm32h7xx_ll_bdma.c...
ArmClang.exe: error: no such file or directory: 'Lib/Src/stm32h7xx_ll_adc.c'
ArmClang.exe: error: no input files
compiling stm32h7xx_ll_adc.c...
ArmClang.exe: error: no such file or directory: 'Lib/Src/stm32h7xx_ll_cordic.c'
ArmClang.exe: error: no input files
compiling stm32h7xx_ll_cordic.c...
ArmClang.exe: no such file or directory: 'Lib/Src/stm32h7xx_ll_comp.c'
ArmClang.exe: error: no input files
compiling stm32h7xx_ll_comp.c...
ArmClang.exe: error: no such file or directory: 'Lib/Src/stm32h7xx_ll_crc.c'
ArmClang.exe: error: no input files
compiling stm32h7xx_ll_crc.c...
ArmClang.exe: error: no such file or directory: 'Lib/Src/stm32h7xx_ll_crs.c'
ArmClang.exe: error: no input files
compiling stm32h7xx_ll_crs.c...
ArmClang.exe: error: no such file or directory: 'Lib/Src/stm32h7xx_ll_dac.c'
ArmClang.exe: error: no input files
compiling stm32h7xx_ll_dac.c...
ArmClang.exe: error: no such file or directory: 'Lib/Src/stm32h7xx_ll_delayblock.c'
ArmClang.exe: error: no input files
compiling stm32h7xx_ll_delayblock.c...
ArmClang.exe: error: no such file or directory: 'Lib/Src/stm32h7xx_ll_dma.c'
ArmClang.exe: error: no input files
compiling stm32h7xx_ll_dma.c...
ArmClang.exe: error: no such file or directory: 'Lib/Src/stm32h7xx_ll_dma2d.c'
ArmClang.exe: error: no input files
compiling stm32h7xx_ll_dma2d.c...
ArmClang.exe: error: no such file or directory: 'Lib/Src/stm32h7xx_ll_exti.c'
ArmClang.exe: error: no input files
compiling stm32h7xx_ll_exti.c...
ArmClang.exe: error: no such file or directory: 'Lib/Src/stm32h7xx_ll_fmc.c'
ArmClang.exe: error: no input files
compiling stm32h7xx_ll_fmc.c...
ArmClang.exe: error: no such file or directory: 'Lib/Src/stm32h7xx_ll_fmac.c'
ArmClang.exe: error: no input files
compiling stm32h7xx_ll_fmac.c...
ArmClang.exe: error: no such file or directory: 'Lib/Src/stm32h7xx_ll_gpio.c'
ArmClang.exe: error: no input files
compiling stm32h7xx_ll_gpio.c...
ArmClang.exe: error: no such file or directory: 'Lib/Src/stm32h7xx_ll_i2c.c'
ArmClang.exe: error: no input files
compiling stm32h7xx_ll_i2c.c...
ArmClang.exe: error: no such file or directory: 'Lib/Src/stm32h7xx_ll_opamp.c'
ArmClang.exe: error: no input files
compiling stm32h7xx_ll_opamp.c...
ArmClang.exe: error: no such file or directory: 'Lib/Src/stm32h7xx_ll_lptim.c'
ArmClang.exe: error: no input files
compiling stm32h7xx_ll_lptim.c...
ArmClang.exe: error: no such file or directory: 'Lib/Src/stm32h7xx_ll_mdma.c'
ArmClang.exe: error: no input files
compiling stm32h7xx_ll_mdma.c...
ArmClang.exe: error: no such file or directory: 'Lib/Src/stm32h7xx_ll_lpuart.c'
ArmClang.exe: error: no input files
compiling stm32h7xx_ll_lpuart.c...
ArmClang.exe: error: no such file or directory: 'Lib/Src/stm32h7xx_ll_rng.c'
ArmClang.exe: error: no input files
compiling stm32h7xx_ll_rng.c...
ArmClang.exe: error: no such file or directory: 'Lib/Src/stm32h7xx_ll_hrtim.c'
ArmClang.exe: error: no input files
compiling stm32h7xx_ll_hrtim.c...
ArmClang.exe: error: no such file or directory: 'Lib/Src/stm32h7xx_ll_pwr.c'
ArmClang.exe: error: no input files
compiling stm32h7xx_ll_pwr.c...
ArmClang.exe: error: no such file or directory: 'Lib/Src/stm32h7xx_ll_rcc.c'
ArmClang.exe: error: no input files
compiling stm32h7xx_ll_rcc.c...
ArmClang.exe: error: no such file or directory: 'Lib/Src/stm32h7xx_ll_rtc.c'
ArmClang.exe: error: no input files
compiling stm32h7xx_ll_rtc.c...
ArmClang.exe: error: no such file or directory: 'Lib/Src/stm32h7xx_ll_swpmi.c'
ArmClang.exe: error: no input files
compiling stm32h7xx_ll_swpmi.c...
ArmClang.exe: error: no such file or directory: 'Lib/Src/stm32h7xx_ll_spi.c'
ArmClang.exe: error: no input files
compiling stm32h7xx_ll_spi.c...
ArmClang.exe: error: no such file or directory: 'Lib/Src/stm32h7xx_ll_sdmmc.c'
ArmClang.exe: error: no input files
compiling stm32h7xx_ll_sdmmc.c...
ArmClang.exe: error: no such file or directory: 'Lib/Src/stm32h7xx_ll_tim.c'
ArmClang.exe: error: no input files
compiling stm32h7xx_ll_tim.c...
ArmClang.exe: error: no such file or directory: 'Lib/Src/stm32h7xx_ll_usart.c'
ArmClang.exe: error: no input files
compiling stm32h7xx_ll_usart.c...
ArmClang.exe: error: no such file or directory: 'Lib/Src/stm32h7xx_ll_usb.c'
ArmClang.exe: error: no input files
compiling stm32h7xx_ll_usb.c...
ArmClang.exe: error: no such file or directory: 'CMSIS/system_stm32h7xx.c'
ArmClang.exe: error: no input files
compiling system_stm32h7xx.c...
ArmClang.exe: error: no such file or directory: 'CMSIS/Clock/clock_manage.c'
ArmClang.exe: error: no input files
compiling clock_manage.c...
ArmClang.exe: error: no such file or directory: 'FATFS/Src/diskio.c'
ArmClang.exe: error: no input files
compiling diskio.c...
ArmClang.exe: error: no such file or directory: 'FATFS/Src/ff.c'
ArmClang.exe: error: no input files
compiling ff.c...
ArmClang.exe: error: no such file or directory: 'FATFS/Src/ffsystem.c'
ArmClang.exe: error: no input files
compiling ffsystem.c...
ArmClang.exe: error: no such file or directory: 'FATFS/Src/ffunicode.c'
ArmClang.exe: error: no input files
compiling ffunicode.c...
".\Build\N_OS_Project.axf" - 264 Error(s), 0 Warning(s).
Target not created.
Build Time Elapsed:  00:00:05
